This is pdfTeX, Version 3.14159265-2.6-1.40.16 (TeX Live 2015/Debian) (preloaded format=pdflatex 2017.2.13)  29 JUN 2017 15:56
entering extended mode
 restricted \write18 enabled.
 %&-line parsing enabled.
**report.tex
(./report.tex
LaTeX2e <2016/02/01>
Babel <3.9q> and hyphenation patterns for 3 language(s) loaded.
(/usr/share/texlive/texmf-dist/tex/latex/base/article.cls
Document Class: article 2014/09/29 v1.4h Standard LaTeX document class
(/usr/share/texlive/texmf-dist/tex/latex/base/size12.clo
File: size12.clo 2014/09/29 v1.4h Standard LaTeX file (size option)
)
\c@part=\count79
\c@section=\count80
\c@subsection=\count81
\c@subsubsection=\count82
\c@paragraph=\count83
\c@subparagraph=\count84
\c@figure=\count85
\c@table=\count86
\abovecaptionskip=\skip41
\belowcaptionskip=\skip42
\bibindent=\dimen102
)
(/usr/share/texlive/texmf-dist/tex/latex/graphics/graphicx.sty
Package: graphicx 2014/10/28 v1.0g Enhanced LaTeX Graphics (DPC,SPQR)

(/usr/share/texlive/texmf-dist/tex/latex/graphics/keyval.sty
Package: keyval 2014/10/28 v1.15 key=value parser (DPC)
\KV@toks@=\toks14
)
(/usr/share/texlive/texmf-dist/tex/latex/graphics/graphics.sty
Package: graphics 2016/01/03 v1.0q Standard LaTeX Graphics (DPC,SPQR)

(/usr/share/texlive/texmf-dist/tex/latex/graphics/trig.sty
Package: trig 2016/01/03 v1.10 sin cos tan (DPC)
)
(/usr/share/texlive/texmf-dist/tex/latex/latexconfig/graphics.cfg
File: graphics.cfg 2010/04/23 v1.9 graphics configuration of TeX Live
)
Package graphics Info: Driver file: pdftex.def on input line 95.

(/usr/share/texlive/texmf-dist/tex/latex/pdftex-def/pdftex.def
File: pdftex.def 2011/05/27 v0.06d Graphics/color for pdfTeX

(/usr/share/texlive/texmf-dist/tex/generic/oberdiek/infwarerr.sty
Package: infwarerr 2010/04/08 v1.3 Providing info/warning/error messages (HO)
)
(/usr/share/texlive/texmf-dist/tex/generic/oberdiek/ltxcmds.sty
Package: ltxcmds 2011/11/09 v1.22 LaTeX kernel commands for general use (HO)
)
\Gread@gobject=\count87
))
\Gin@req@height=\dimen103
\Gin@req@width=\dimen104
)
(/usr/share/texlive/texmf-dist/tex/latex/caption/subcaption.sty
Package: subcaption 2016/02/20 v1.1-142 Sub-captions (AR)

(/usr/share/texlive/texmf-dist/tex/latex/caption/caption.sty
Package: caption 2016/02/21 v3.3-144 Customizing captions (AR)

(/usr/share/texlive/texmf-dist/tex/latex/caption/caption3.sty
Package: caption3 2016/02/04 v1.7-139 caption3 kernel (AR)
Package caption3 Info: TeX engine: e-TeX on input line 67.
\captionmargin=\dimen105
\captionmargin@=\dimen106
\captionwidth=\dimen107
\caption@tempdima=\dimen108
\caption@indent=\dimen109
\caption@parindent=\dimen110
\caption@hangindent=\dimen111
)
\c@ContinuedFloat=\count88
)
\c@subfigure=\count89
\c@subtable=\count90
)
(/usr/share/texlive/texmf-dist/tex/latex/graphics/color.sty
Package: color 2016/01/03 v1.1b Standard LaTeX Color (DPC)

(/usr/share/texlive/texmf-dist/tex/latex/latexconfig/color.cfg
File: color.cfg 2007/01/18 v1.5 color configuration of teTeX/TeXLive
)
Package color Info: Driver file: pdftex.def on input line 143.

(/usr/share/texlive/texmf-dist/tex/latex/graphics/dvipsnam.def
File: dvipsnam.def 2015/12/30 v3.0k Driver-dependent file (DPC,SPQR)
)) (./report.aux

LaTeX Warning: Label `fig:ullm-particle' multiply defined.


LaTeX Warning: Label `fig:ullm-particle' multiply defined.


LaTeX Warning: Label `' multiply defined.


LaTeX Warning: Label `sub@' multiply defined.


LaTeX Warning: Label `fig:ullm-particle' multiply defined.


LaTeX Warning: Label `' multiply defined.


LaTeX Warning: Label `sub@' multiply defined.


LaTeX Warning: Label `' multiply defined.


LaTeX Warning: Label `sub@' multiply defined.


LaTeX Warning: Label `fig:ullm-particle' multiply defined.


LaTeX Warning: Label `' multiply defined.


LaTeX Warning: Label `fig:ullm-particle' multiply defined.


LaTeX Warning: Label `' multiply defined.


LaTeX Warning: Label `sub@' multiply defined.


LaTeX Warning: Label `fig:ullm-particle' multiply defined.

)
\openout1 = `report.aux'.

LaTeX Font Info:    Checking defaults for OML/cmm/m/it on input line 40.
LaTeX Font Info:    ... okay on input line 40.
LaTeX Font Info:    Checking defaults for T1/cmr/m/n on input line 40.
LaTeX Font Info:    ... okay on input line 40.
LaTeX Font Info:    Checking defaults for OT1/cmr/m/n on input line 40.
LaTeX Font Info:    ... okay on input line 40.
LaTeX Font Info:    Checking defaults for OMS/cmsy/m/n on input line 40.
LaTeX Font Info:    ... okay on input line 40.
LaTeX Font Info:    Checking defaults for OMX/cmex/m/n on input line 40.
LaTeX Font Info:    ... okay on input line 40.
LaTeX Font Info:    Checking defaults for U/cmr/m/n on input line 40.
LaTeX Font Info:    ... okay on input line 40.
 (/usr/share/texlive/texmf-dist/tex/context/base/supp-pdf.mkii
[Loading MPS to PDF converter (version 2006.09.02).]
\scratchcounter=\count91
\scratchdimen=\dimen112
\scratchbox=\box26
\nofMPsegments=\count92
\nofMParguments=\count93
\everyMPshowfont=\toks15
\MPscratchCnt=\count94
\MPscratchDim=\dimen113
\MPnumerator=\count95
\makeMPintoPDFobject=\count96
\everyMPtoPDFconversion=\toks16
) (/usr/share/texlive/texmf-dist/tex/generic/oberdiek/pdftexcmds.sty
Package: pdftexcmds 2011/11/29 v0.20 Utility functions of pdfTeX for LuaTeX (HO
)

(/usr/share/texlive/texmf-dist/tex/generic/oberdiek/ifluatex.sty
Package: ifluatex 2010/03/01 v1.3 Provides the ifluatex switch (HO)
Package ifluatex Info: LuaTeX not detected.
)
(/usr/share/texlive/texmf-dist/tex/generic/oberdiek/ifpdf.sty
Package: ifpdf 2011/01/30 v2.3 Provides the ifpdf switch (HO)
Package ifpdf Info: pdfTeX in PDF mode is detected.
)
Package pdftexcmds Info: LuaTeX not detected.
Package pdftexcmds Info: \pdf@primitive is available.
Package pdftexcmds Info: \pdf@ifprimitive is available.
Package pdftexcmds Info: \pdfdraftmode found.
)
(/usr/share/texlive/texmf-dist/tex/latex/oberdiek/epstopdf-base.sty
Package: epstopdf-base 2010/02/09 v2.5 Base part for package epstopdf

(/usr/share/texlive/texmf-dist/tex/latex/oberdiek/grfext.sty
Package: grfext 2010/08/19 v1.1 Manage graphics extensions (HO)

(/usr/share/texlive/texmf-dist/tex/generic/oberdiek/kvdefinekeys.sty
Package: kvdefinekeys 2011/04/07 v1.3 Define keys (HO)
))
(/usr/share/texlive/texmf-dist/tex/latex/oberdiek/kvoptions.sty
Package: kvoptions 2011/06/30 v3.11 Key value format for package options (HO)

(/usr/share/texlive/texmf-dist/tex/generic/oberdiek/kvsetkeys.sty
Package: kvsetkeys 2012/04/25 v1.16 Key value parser (HO)

(/usr/share/texlive/texmf-dist/tex/generic/oberdiek/etexcmds.sty
Package: etexcmds 2011/02/16 v1.5 Avoid name clashes with e-TeX commands (HO)
Package etexcmds Info: Could not find \expanded.
(etexcmds)             That can mean that you are not using pdfTeX 1.50 or
(etexcmds)             that some package has redefined \expanded.
(etexcmds)             In the latter case, load this package earlier.
)))
Package grfext Info: Graphics extension search list:
(grfext)             [.png,.pdf,.jpg,.mps,.jpeg,.jbig2,.jb2,.PNG,.PDF,.JPG,.JPE
G,.JBIG2,.JB2,.eps]
(grfext)             \AppendGraphicsExtensions on input line 452.

(/usr/share/texlive/texmf-dist/tex/latex/latexconfig/epstopdf-sys.cfg
File: epstopdf-sys.cfg 2010/07/13 v1.3 Configuration of (r)epstopdf for TeX Liv
e
))
Package caption Info: Begin \AtBeginDocument code.
Package caption Info: End \AtBeginDocument code.

[1

{/var/lib/texmf/fonts/map/pdftex/updmap/pdftex.map}]
Underfull \hbox (badness 10000) in paragraph at lines 116--117

 []

[1] [2] (./report.toc
LaTeX Font Info:    External font `cmex10' loaded for size
(Font)              <12> on input line 4.
LaTeX Font Info:    External font `cmex10' loaded for size
(Font)              <8> on input line 4.
LaTeX Font Info:    External font `cmex10' loaded for size
(Font)              <6> on input line 4.
)
\tf@toc=\write3
\openout3 = `report.toc'.

 [3]
Underfull \hbox (badness 10000) in paragraph at lines 150--151

 []


Underfull \hbox (badness 10000) in paragraph at lines 152--153

 []


Underfull \hbox (badness 10000) in paragraph at lines 154--155

 []


Underfull \hbox (badness 10000) in paragraph at lines 156--157

 []

[4]
Underfull \hbox (badness 10000) in paragraph at lines 158--159

 []


Underfull \hbox (badness 10000) in paragraph at lines 160--161

 []

[5]
Underfull \hbox (badness 10000) in paragraph at lines 173--174

 []


Underfull \hbox (badness 10000) in paragraph at lines 179--180

 []


Underfull \hbox (badness 10000) in paragraph at lines 193--194

 []


Underfull \hbox (badness 10000) in paragraph at lines 199--200

 []

[6]
Underfull \hbox (badness 10000) in paragraph at lines 203--204

 []


Underfull \hbox (badness 10000) in paragraph at lines 209--210

 []


Underfull \hbox (badness 10000) in paragraph at lines 217--218

 []


Underfull \hbox (badness 10000) in paragraph at lines 219--220

 []


Underfull \hbox (badness 10000) in paragraph at lines 221--222

 []


Overfull \hbox (0.32742pt too wide) in paragraph at lines 223--224
[]\OT1/cmr/m/n/12 TO DO - MAKE SURE EV-ERY-THING IS DE-FINED PROP-ERLY EAR-
 []

[7]
Underfull \hbox (badness 10000) in paragraph at lines 240--241

 []


Underfull \hbox (badness 10000) in paragraph at lines 246--247

 []


Underfull \hbox (badness 10000) in paragraph at lines 250--251

 []


Underfull \hbox (badness 10000) in paragraph at lines 254--255

 []


Underfull \hbox (badness 10000) in paragraph at lines 260--261

 []


Underfull \hbox (badness 10000) in paragraph at lines 266--267

 []


Underfull \hbox (badness 10000) in paragraph at lines 272--273

 []

[8]
Underfull \hbox (badness 10000) in paragraph at lines 294--295

 []


Underfull \hbox (badness 10000) in paragraph at lines 296--297

 []


Underfull \hbox (badness 10000) in paragraph at lines 299--300

 []

<../plots/basicCombUCB1_100iters.pdf, id=45, 433.62pt x 289.08pt>
File: ../plots/basicCombUCB1_100iters.pdf Graphic file (type pdf)

<use ../plots/basicCombUCB1_100iters.pdf>
Package pdftex.def Info: ../plots/basicCombUCB1_100iters.pdf used on input line
 307.
(pdftex.def)             Requested size: 142.26378pt x 94.8409pt.

Overfull \hbox (13.56306pt too wide) in paragraph at lines 307--308
 [][] 
 []

<../plots/basicCombUCB1_100_200iters.pdf, id=46, 433.62pt x 289.08pt>
File: ../plots/basicCombUCB1_100_200iters.pdf Graphic file (type pdf)

<use ../plots/basicCombUCB1_100_200iters.pdf>
Package pdftex.def Info: ../plots/basicCombUCB1_100_200iters.pdf used on input 
line 311.
(pdftex.def)             Requested size: 142.26378pt x 94.8409pt.

Overfull \hbox (13.56306pt too wide) in paragraph at lines 311--312
 [][] 
 []

<../plots/basicCombUCB1_4000_4100iters.pdf, id=47, 433.62pt x 289.08pt>
File: ../plots/basicCombUCB1_4000_4100iters.pdf Graphic file (type pdf)

<use ../plots/basicCombUCB1_4000_4100iters.pdf>
Package pdftex.def Info: ../plots/basicCombUCB1_4000_4100iters.pdf used on inpu
t line 315.
(pdftex.def)             Requested size: 142.26378pt x 94.8409pt.

Overfull \hbox (13.56306pt too wide) in paragraph at lines 315--316
 [][] 
 []


Underfull \hbox (badness 10000) in paragraph at lines 321--322

 []

[9 <../plots/basicCombUCB1_100iters.pdf> <../plots/basicCombUCB1_100_200iters.p
df

pdfTeX warning: pdflatex (file ../plots/basicCombUCB1_100_200iters.pdf): PDF in
clusion: multiple pdfs with page group included in a single page
> <../plots/basicCombUCB1_4000_4100iters.pdf

pdfTeX warning: pdflatex (file ../plots/basicCombUCB1_4000_4100iters.pdf): PDF 
inclusion: multiple pdfs with page group included in a single page
>]
Underfull \hbox (badness 10000) in paragraph at lines 323--324

 []


Underfull \hbox (badness 10000) in paragraph at lines 329--330

 []


Underfull \hbox (badness 10000) in paragraph at lines 331--332

 []


Underfull \hbox (badness 10000) in paragraph at lines 333--334

 []


Overfull \hbox (0.64673pt too wide) in paragraph at lines 335--336
\OT1/cmr/m/n/12 MORE EX-PLA-NA-TION HERE ONC AL-GO-RITHM IS WRIT-TEN ABOVE
 []


Underfull \hbox (badness 10000) in paragraph at lines 335--336

 []


Underfull \hbox (badness 10000) in paragraph at lines 341--342

 []


Underfull \hbox (badness 10000) in paragraph at lines 343--344

 []

<../plots/basicFPL_100iters.pdf, id=161, 433.62pt x 289.08pt>
File: ../plots/basicFPL_100iters.pdf Graphic file (type pdf)

<use ../plots/basicFPL_100iters.pdf>
Package pdftex.def Info: ../plots/basicFPL_100iters.pdf used on input line 349.

(pdftex.def)             Requested size: 142.26378pt x 94.8409pt.

Overfull \hbox (13.56306pt too wide) in paragraph at lines 349--350
 [][] 
 []

<../plots/basicFPL_100_200iters.pdf, id=162, 433.62pt x 289.08pt>
File: ../plots/basicFPL_100_200iters.pdf Graphic file (type pdf)

<use ../plots/basicFPL_100_200iters.pdf>
Package pdftex.def Info: ../plots/basicFPL_100_200iters.pdf used on input line 
353.
(pdftex.def)             Requested size: 142.26378pt x 94.8409pt.

Overfull \hbox (13.56306pt too wide) in paragraph at lines 353--354
 [][] 
 []

<../plots/basicFPL_4000_4100iters.pdf, id=163, 433.62pt x 289.08pt>
File: ../plots/basicFPL_4000_4100iters.pdf Graphic file (type pdf)

<use ../plots/basicFPL_4000_4100iters.pdf>
Package pdftex.def Info: ../plots/basicFPL_4000_4100iters.pdf used on input lin
e 357.
(pdftex.def)             Requested size: 142.26378pt x 94.8409pt.

Overfull \hbox (13.56306pt too wide) in paragraph at lines 357--358
 [][] 
 []


LaTeX Warning: `!h' float specifier changed to `!ht'.

[10]
Underfull \hbox (badness 10000) in paragraph at lines 381--382

 []


Underfull \hbox (badness 10000) in paragraph at lines 383--384

 []


Underfull \hbox (badness 10000) in paragraph at lines 387--388

 []


Underfull \hbox (badness 10000) in paragraph at lines 389--390

 []

[11 <../plots/basicFPL_100iters.pdf> <../plots/basicFPL_100_200iters.pdf

pdfTeX warning: pdflatex (file ../plots/basicFPL_100_200iters.pdf): PDF inclusi
on: multiple pdfs with page group included in a single page
> <../plots/basicFPL_4000_4100iters.pdf

pdfTeX warning: pdflatex (file ../plots/basicFPL_4000_4100iters.pdf): PDF inclu
sion: multiple pdfs with page group included in a single page
>]
Underfull \hbox (badness 10000) in paragraph at lines 395--396

 []


Underfull \hbox (badness 10000) in paragraph at lines 397--398

 []

<../plots/stoch_network_opt_paths.pdf, id=292, 433.62pt x 289.08pt>
File: ../plots/stoch_network_opt_paths.pdf Graphic file (type pdf)

<use ../plots/stoch_network_opt_paths.pdf>
Package pdftex.def Info: ../plots/stoch_network_opt_paths.pdf used on input lin
e 403.
(pdftex.def)             Requested size: 142.26378pt x 94.8409pt.

Overfull \hbox (13.56306pt too wide) in paragraph at lines 403--404
 [][] 
 []

<../plots/stoch_network_UCB1.pdf, id=293, 433.62pt x 289.08pt>
File: ../plots/stoch_network_UCB1.pdf Graphic file (type pdf)

<use ../plots/stoch_network_UCB1.pdf>
Package pdftex.def Info: ../plots/stoch_network_UCB1.pdf used on input line 407
.
(pdftex.def)             Requested size: 142.26378pt x 94.8409pt.

Overfull \hbox (13.56306pt too wide) in paragraph at lines 407--408
 [][] 
 []

<../plots/stoch_network_FPL.pdf, id=294, 433.62pt x 289.08pt>
File: ../plots/stoch_network_FPL.pdf Graphic file (type pdf)

<use ../plots/stoch_network_FPL.pdf>
Package pdftex.def Info: ../plots/stoch_network_FPL.pdf used on input line 411.

(pdftex.def)             Requested size: 142.26378pt x 94.8409pt.

Overfull \hbox (13.56306pt too wide) in paragraph at lines 411--412
 [][] 
 []


Underfull \hbox (badness 10000) in paragraph at lines 420--421

 []

[12 <../plots/stoch_network_opt_paths.pdf> <../plots/stoch_network_UCB1.pdf

pdfTeX warning: pdflatex (file ../plots/stoch_network_UCB1.pdf): PDF inclusion:
 multiple pdfs with page group included in a single page
> <../plots/stoch_network_FPL.pdf

pdfTeX warning: pdflatex (file ../plots/stoch_network_FPL.pdf): PDF inclusion: 
multiple pdfs with page group included in a single page
>]
Underfull \hbox (badness 10000) in paragraph at lines 424--425

 []

<../plots/path_means1.png, id=401, 1016.79875pt x 314.17375pt>
File: ../plots/path_means1.png Graphic file (type png)

<use ../plots/path_means1.png>
Package pdftex.def Info: ../plots/path_means1.png used on input line 430.
(pdftex.def)             Requested size: 398.33858pt x 123.07855pt.

Overfull \hbox (8.33858pt too wide) in paragraph at lines 430--431
 [][] 
 []

<../plots/path_means2.png, id=402, 1015.795pt x 319.1925pt>
File: ../plots/path_means2.png Graphic file (type png)

<use ../plots/path_means2.png>
Package pdftex.def Info: ../plots/path_means2.png used on input line 433.
(pdftex.def)             Requested size: 398.33858pt x 125.16643pt.

Overfull \hbox (8.33858pt too wide) in paragraph at lines 433--434
 [][] 
 []


Underfull \hbox (badness 10000) in paragraph at lines 444--445

 []

[13 <../plots/path_means1.png> <../plots/path_means2.png>]
<../plots/path_means3.png, id=407, 1015.795pt x 318.18875pt>
File: ../plots/path_means3.png Graphic file (type png)

<use ../plots/path_means3.png>
Package pdftex.def Info: ../plots/path_means3.png used on input line 450.
(pdftex.def)             Requested size: 398.33858pt x 124.77283pt.

Overfull \hbox (8.33858pt too wide) in paragraph at lines 450--451
 [][] 
 []

<../plots/path_means4.png, id=408, 1015.795pt x 318.18875pt>
File: ../plots/path_means4.png Graphic file (type png)

<use ../plots/path_means4.png>
Package pdftex.def Info: ../plots/path_means4.png used on input line 453.
(pdftex.def)             Requested size: 398.33858pt x 124.77283pt.

Overfull \hbox (8.33858pt too wide) in paragraph at lines 453--454
 [][] 
 []


Underfull \hbox (badness 10000) in paragraph at lines 465--466

 []

[14 <../plots/path_means3.png> <../plots/path_means4.png>]
Underfull \hbox (badness 10000) in paragraph at lines 467--468

 []


Underfull \hbox (badness 10000) in paragraph at lines 469--470

 []


Overfull \hbox (102.18974pt too wide) in paragraph at lines 472--497
[][] 
 []


Underfull \hbox (badness 10000) in paragraph at lines 472--497

 []


Underfull \hbox (badness 10000) in paragraph at lines 498--499

 []

[15]
Underfull \hbox (badness 10000) in paragraph at lines 500--501

 []

<../plots/advers_net2_cumul_costs.jpg, id=415, 433.62pt x 289.08pt>
File: ../plots/advers_net2_cumul_costs.jpg Graphic file (type jpg)

<use ../plots/advers_net2_cumul_costs.jpg>
Package pdftex.def Info: ../plots/advers_net2_cumul_costs.jpg used on input lin
e 504.
(pdftex.def)             Requested size: 284.52756pt x 189.69504pt.

Underfull \hbox (badness 10000) in paragraph at lines 509--510

 []

[16 <../plots/advers_net2_cumul_costs.jpg>]
Underfull \hbox (badness 10000) in paragraph at lines 520--521

 []


Underfull \hbox (badness 10000) in paragraph at lines 524--525

 []


Underfull \hbox (badness 10000) in paragraph at lines 528--529

 []

<../plots/eta_expl_cost.pdf, id=419, 433.62pt x 289.08pt>
File: ../plots/eta_expl_cost.pdf Graphic file (type pdf)

<use ../plots/eta_expl_cost.pdf>
Package pdftex.def Info: ../plots/eta_expl_cost.pdf used on input line 534.
(pdftex.def)             Requested size: 184.9429pt x 123.29626pt.

<../plots/gamma_expl_cost.pdf, id=420, 433.62pt x 289.08pt>
File: ../plots/gamma_expl_cost.pdf Graphic file (type pdf)

<use ../plots/gamma_expl_cost.pdf>
Package pdftex.def Info: ../plots/gamma_expl_cost.pdf used on input line 538.
(pdftex.def)             Requested size: 184.9429pt x 123.29626pt.

<../plots/Bt_expl_cost.pdf, id=421, 433.62pt x 289.08pt>
File: ../plots/Bt_expl_cost.pdf Graphic file (type pdf)

<use ../plots/Bt_expl_cost.pdf>
Package pdftex.def Info: ../plots/Bt_expl_cost.pdf used on input line 542.
(pdftex.def)             Requested size: 184.9429pt x 123.29626pt.


LaTeX Warning: `!h' float specifier changed to `!ht'.

LaTeX Font Info:    External font `cmex10' loaded for size
(Font)              <14.4> on input line 549.
LaTeX Font Info:    External font `cmex10' loaded for size
(Font)              <7> on input line 549.

Underfull \hbox (badness 10000) in paragraph at lines 551--552

 []

[17]
Underfull \hbox (badness 10000) in paragraph at lines 553--554

 []

[18 <../plots/eta_expl_cost.pdf> <../plots/gamma_expl_cost.pdf

pdfTeX warning: pdflatex (file ../plots/gamma_expl_cost.pdf): PDF inclusion: mu
ltiple pdfs with page group included in a single page
> <../plots/Bt_expl_cost.pdf

pdfTeX warning: pdflatex (file ../plots/Bt_expl_cost.pdf): PDF inclusion: multi
ple pdfs with page group included in a single page
>]
Underfull \hbox (badness 10000) in paragraph at lines 555--556

 []


Underfull \hbox (badness 10000) in paragraph at lines 560--561

 []


Underfull \hbox (badness 10000) in paragraph at lines 566--566
[]\OT1/cmr/m/n/12 4000-
 []


Underfull \hbox (badness 10000) in paragraph at lines 566--566
[]\OT1/cmr/m/n/12 5000-
 []


Underfull \hbox (badness 10000) in paragraph at lines 566--566
[]\OT1/cmr/m/n/12 9000-
 []


Underfull \hbox (badness 10000) in paragraph at lines 566--567
[]\OT1/cmr/m/n/12 total
 []


Overfull \hbox (0.3787pt too wide) in paragraph at lines 562--572
[][] 
 []


Underfull \hbox (badness 10000) in paragraph at lines 562--572

 []


Underfull \hbox (badness 10000) in paragraph at lines 573--574

 []

<../plots/changing_gamma_cumul_cost.jpg, id=517, 433.62pt x 289.08pt>
File: ../plots/changing_gamma_cumul_cost.jpg Graphic file (type jpg)

<use ../plots/changing_gamma_cumul_cost.jpg>
Package pdftex.def Info: ../plots/changing_gamma_cumul_cost.jpg used on input l
ine 579.
(pdftex.def)             Requested size: 284.52756pt x 189.69504pt.


LaTeX Warning: `!h' float specifier changed to `!ht'.

[19] [20 <../plots/changing_gamma_cumul_cost.jpg>] (./report.aux)

LaTeX Warning: There were multiply-defined labels.

 ) 
Here is how much of TeX's memory you used:
 2981 strings out of 494953
 48745 string characters out of 6180977
 111961 words of memory out of 5000000
 6232 multiletter control sequences out of 15000+600000
 12552 words of font info for 43 fonts, out of 8000000 for 9000
 14 hyphenation exceptions out of 8191
 42i,9n,40p,952b,452s stack positions out of 5000i,500n,10000p,200000b,80000s
</usr/share/texlive/texmf-dist/fonts/type1/public/amsfonts/cm/cmbx12.pfb></us
r/share/texlive/texmf-dist/fonts/type1/public/amsfonts/cm/cmcsc10.pfb></usr/sha
re/texlive/texmf-dist/fonts/type1/public/amsfonts/cm/cmex10.pfb></usr/share/tex
live/texmf-dist/fonts/type1/public/amsfonts/cm/cmmi10.pfb></usr/share/texlive/t
exmf-dist/fonts/type1/public/amsfonts/cm/cmmi12.pfb></usr/share/texlive/texmf-d
ist/fonts/type1/public/amsfonts/cm/cmmi6.pfb></usr/share/texlive/texmf-dist/fon
ts/type1/public/amsfonts/cm/cmmi8.pfb></usr/share/texlive/texmf-dist/fonts/type
1/public/amsfonts/cm/cmr10.pfb></usr/share/texlive/texmf-dist/fonts/type1/publi
c/amsfonts/cm/cmr12.pfb></usr/share/texlive/texmf-dist/fonts/type1/public/amsfo
nts/cm/cmr17.pfb></usr/share/texlive/texmf-dist/fonts/type1/public/amsfonts/cm/
cmr6.pfb></usr/share/texlive/texmf-dist/fonts/type1/public/amsfonts/cm/cmr8.pfb
></usr/share/texlive/texmf-dist/fonts/type1/public/amsfonts/cm/cmsy10.pfb></usr
/share/texlive/texmf-dist/fonts/type1/public/amsfonts/cm/cmsy6.pfb></usr/share/
texlive/texmf-dist/fonts/type1/public/amsfonts/cm/cmsy8.pfb></usr/share/texlive
/texmf-dist/fonts/type1/public/amsfonts/cm/cmti12.pfb>
Output written on report.pdf (21 pages, 4381866 bytes).
PDF statistics:
 575 PDF objects out of 1000 (max. 8388607)
 160 compressed objects within 2 object streams
 0 named destinations out of 1000 (max. 500000)
 91 words of extra memory for PDF output out of 10000 (max. 10000000)

